<?xml version="1.0" encoding="UTF-8"?>
<!-- Generated by org.testng.reporters.JUnitReportReporter -->
<testsuite hostname="DESKTOP-KFALALN" failures="0" tests="1" name="myTestcases.Signup" time="8.768" errors="0" timestamp="2024-03-05T02:28:18 EET" skipped="0">
  <testcase classname="myTestcases.Signup" name="myFirstTest" time="8.768"/>
  <system-out/>
</testsuite> <!-- myTestcases.Signup -->
